<?xml version="1.0" encoding="UTF-8"?>
<testsuite name="com.example.pwatestbackend.PwaTestBackendApplicationTests" tests="1" skipped="0" failures="0" errors="0" timestamp="2023-05-27T13:18:19" hostname="chaelin-ui-MacBookPro.local" time="0.369">
  <properties/>
  <testcase name="contextLoads()" classname="com.example.pwatestbackend.PwaTestBackendApplicationTests" time="0.369"/>
  <system-out><![CDATA[22:18:09.808 [Test worker] DEBUG org.springframework.test.context.BootstrapUtils - Instantiating CacheAwareContextLoaderDelegate from class [org.springframework.test.context.cache.DefaultCacheAwareContextLoaderDelegate]
22:18:09.825 [Test worker] DEBUG org.springframework.test.context.BootstrapUtils - Instantiating BootstrapContext using constructor [public org.springframework.test.context.support.DefaultBootstrapContext(java.lang.Class,org.springframework.test.context.CacheAwareContextLoaderDelegate)]
22:18:09.886 [Test worker] DEBUG org.springframework.test.context.BootstrapUtils - Instantiating TestContextBootstrapper for test class [com.example.pwatestbackend.PwaTestBackendApplicationTests] from class [org.springframework.boot.test.context.SpringBootTestContextBootstrapper]
22:18:09.901 [Test worker] INFO org.springframework.boot.test.context.SpringBootTestContextBootstrapper - Neither @ContextConfiguration nor @ContextHierarchy found for test class [com.example.pwatestbackend.PwaTestBackendApplicationTests], using SpringBootContextLoader
22:18:09.905 [Test worker] DEBUG org.springframework.test.context.support.AbstractContextLoader - Did not detect default resource location for test class [com.example.pwatestbackend.PwaTestBackendApplicationTests]: class path resource [com/example/pwatestbackend/PwaTestBackendApplicationTests-context.xml] does not exist
22:18:09.905 [Test worker] DEBUG org.springframework.test.context.support.AbstractContextLoader - Did not detect default resource location for test class [com.example.pwatestbackend.PwaTestBackendApplicationTests]: class path resource [com/example/pwatestbackend/PwaTestBackendApplicationTestsContext.groovy] does not exist
22:18:09.905 [Test worker] INFO org.springframework.test.context.support.AbstractContextLoader - Could not detect default resource locations for test class [com.example.pwatestbackend.PwaTestBackendApplicationTests]: no resource found for suffixes {-context.xml, Context.groovy}.
22:18:09.906 [Test worker] INFO org.springframework.test.context.support.AnnotationConfigContextLoaderUtils - Could not detect default configuration classes for test class [com.example.pwatestbackend.PwaTestBackendApplicationTests]: PwaTestBackendApplicationTests does not declare any static, non-private, non-final, nested classes annotated with @Configuration.
22:18:09.975 [Test worker] DEBUG org.springframework.test.context.support.ActiveProfilesUtils - Could not find an 'annotation declaring class' for annotation type [org.springframework.test.context.ActiveProfiles] and class [com.example.pwatestbackend.PwaTestBackendApplicationTests]
22:18:10.083 [Test worker] DEBUG org.springframework.context.annotation.ClassPathScanningCandidateComponentProvider - Identified candidate component class: file [/Users/chaerin/Desktop/PWA-Backend/build/classes/java/main/com/example/pwatestbackend/PwaTestBackendApplication.class]
22:18:10.088 [Test worker] INFO org.springframework.boot.test.context.SpringBootTestContextBootstrapper - Found @SpringBootConfiguration com.example.pwatestbackend.PwaTestBackendApplication for test class com.example.pwatestbackend.PwaTestBackendApplicationTests
22:18:10.209 [Test worker] DEBUG org.springframework.boot.test.context.SpringBootTestContextBootstrapper - @TestExecutionListeners is not present for class [com.example.pwatestbackend.PwaTestBackendApplicationTests]: using defaults.
22:18:10.209 [Test worker] INFO org.springframework.boot.test.context.SpringBootTestContextBootstrapper - Loaded default TestExecutionListener class names from location [META-INF/spring.factories]: [org.springframework.boot.test.autoconfigure.restdocs.RestDocsTestExecutionListener, org.springframework.boot.test.autoconfigure.web.client.MockRestServiceServerResetTestExecutionListener, org.springframework.boot.test.autoconfigure.web.servlet.MockMvcPrintOnlyOnFailureTestExecutionListener, org.springframework.boot.test.autoconfigure.web.servlet.WebDriverTestExecutionListener, org.springframework.boot.test.autoconfigure.webservices.client.MockWebServiceServerTestExecutionListener, org.springframework.boot.test.mock.mockito.MockitoTestExecutionListener, org.springframework.boot.test.mock.mockito.ResetMocksTestExecutionListener, org.springframework.test.context.web.ServletTestExecutionListener, org.springframework.test.context.support.DirtiesContextBeforeModesTestExecutionListener, org.springframework.test.context.event.ApplicationEventsTestExecutionListener, org.springframework.test.context.support.DependencyInjectionTestExecutionListener, org.springframework.test.context.support.DirtiesContextTestExecutionListener, org.springframework.test.context.transaction.TransactionalTestExecutionListener, org.springframework.test.context.jdbc.SqlScriptsTestExecutionListener, org.springframework.test.context.event.EventPublishingTestExecutionListener]
22:18:10.226 [Test worker] INFO org.springframework.boot.test.context.SpringBootTestContextBootstrapper - Using TestExecutionListeners: [org.springframework.test.context.web.ServletTestExecutionListener@34a1d21f, org.springframework.test.context.support.DirtiesContextBeforeModesTestExecutionListener@58bf8650, org.springframework.test.context.event.ApplicationEventsTestExecutionListener@73c60324, org.springframework.boot.test.mock.mockito.MockitoTestExecutionListener@71ae31b0, org.springframework.boot.test.autoconfigure.SpringBootDependencyInjectionTestExecutionListener@4ba534b0, org.springframework.test.context.support.DirtiesContextTestExecutionListener@6f0ca692, org.springframework.test.context.transaction.TransactionalTestExecutionListener@2c104774, org.springframework.test.context.jdbc.SqlScriptsTestExecutionListener@2cb3d0f7, org.springframework.test.context.event.EventPublishingTestExecutionListener@4e517165, org.springframework.boot.test.autoconfigure.restdocs.RestDocsTestExecutionListener@44e3760b, org.springframework.boot.test.autoconfigure.web.client.MockRestServiceServerResetTestExecutionListener@6a66a204, org.springframework.boot.test.autoconfigure.web.servlet.MockMvcPrintOnlyOnFailureTestExecutionListener@5860f3d7, org.springframework.boot.test.autoconfigure.web.servlet.WebDriverTestExecutionListener@1d7f7be7, org.springframework.boot.test.autoconfigure.webservices.client.MockWebServiceServerTestExecutionListener@42f3156d, org.springframework.boot.test.mock.mockito.ResetMocksTestExecutionListener@1ddae9b5]
22:18:10.229 [Test worker] DEBUG org.springframework.test.context.support.AbstractDirtiesContextTestExecutionListener - Before test class: context [DefaultTestContext@768ccdc5 testClass = PwaTestBackendApplicationTests, testInstance = [null], testMethod = [null], testException = [null], mergedContextConfiguration = [WebMergedContextConfiguration@4c6daf0 testClass = PwaTestBackendApplicationTests, locations = '{}', classes = '{class com.example.pwatestbackend.PwaTestBackendApplication}', contextInitializerClasses = '[]', activeProfiles = '{}', propertySourceLocations = '{}', propertySourceProperties = '{org.springframework.boot.test.context.SpringBootTestContextBootstrapper=true}', contextCustomizers = set[org.springframework.boot.test.autoconfigure.actuate.metrics.MetricsExportContextCustomizerFactory$DisableMetricExportContextCustomizer@1b84f475, org.springframework.boot.test.autoconfigure.properties.PropertyMappingContextCustomizer@0, org.springframework.boot.test.autoconfigure.web.servlet.WebDriverContextCustomizerFactory$Customizer@b7c4869, org.springframework.boot.test.context.filter.ExcludeFilterContextCustomizer@676cf48, org.springframework.boot.test.json.DuplicateJsonObjectContextCustomizerFactory$DuplicateJsonObjectContextCustomizer@73194df, org.springframework.boot.test.mock.mockito.MockitoContextCustomizer@0, org.springframework.boot.test.web.client.TestRestTemplateContextCustomizer@5443d039, org.springframework.boot.test.context.SpringBootTestArgs@1, org.springframework.boot.test.context.SpringBootTestWebEnvironment@55536d9e], resourceBasePath = 'src/main/webapp', contextLoader = 'org.springframework.boot.test.context.SpringBootContextLoader', parent = [null]], attributes = map['org.springframework.test.context.web.ServletTestExecutionListener.activateListener' -> true]], class annotated with @DirtiesContext [false] with mode [null].

  .   ____          _            __ _ _
 /\\ / ___'_ __ _ _(_)_ __  __ _ \ \ \ \
( ( )\___ | '_ | '_| | '_ \/ _` | \ \ \ \
 \\/  ___)| |_)| | | | | || (_| |  ) ) ) )
  '  |____| .__|_| |_|_| |_\__, | / / / /
 =========|_|==============|___/=/_/_/_/
 :: Spring Boot ::               (v2.7.12)

2023-05-27 22:18:10.846  INFO 9255 --- [    Test worker] c.e.p.PwaTestBackendApplicationTests     : Starting PwaTestBackendApplicationTests using Java 17.0.5 on chaelin-ui-MacBookPro.local with PID 9255 (started by chaerin in /Users/chaerin/Desktop/PWA-Backend)
2023-05-27 22:18:10.848  INFO 9255 --- [    Test worker] c.e.p.PwaTestBackendApplicationTests     : No active profile set, falling back to 1 default profile: "default"
2023-05-27 22:18:12.427  INFO 9255 --- [    Test worker] .s.d.r.c.RepositoryConfigurationDelegate : Bootstrapping Spring Data JPA repositories in DEFAULT mode.
2023-05-27 22:18:12.511  INFO 9255 --- [    Test worker] .s.d.r.c.RepositoryConfigurationDelegate : Finished Spring Data repository scanning in 74 ms. Found 1 JPA repository interfaces.
2023-05-27 22:18:13.534  INFO 9255 --- [    Test worker] com.zaxxer.hikari.HikariDataSource       : HikariPool-1 - Starting...
2023-05-27 22:18:13.750  INFO 9255 --- [    Test worker] com.zaxxer.hikari.HikariDataSource       : HikariPool-1 - Start completed.
2023-05-27 22:18:13.904  INFO 9255 --- [    Test worker] o.hibernate.jpa.internal.util.LogHelper  : HHH000204: Processing PersistenceUnitInfo [name: default]
2023-05-27 22:18:13.957  INFO 9255 --- [    Test worker] org.hibernate.Version                    : HHH000412: Hibernate ORM core version 5.6.15.Final
2023-05-27 22:18:14.204  INFO 9255 --- [    Test worker] o.hibernate.annotations.common.Version   : HCANN000001: Hibernate Commons Annotations {5.1.2.Final}
2023-05-27 22:18:14.330  INFO 9255 --- [    Test worker] org.hibernate.dialect.Dialect            : HHH000400: Using dialect: org.hibernate.dialect.H2Dialect
2023-05-27 22:18:14.910  INFO 9255 --- [    Test worker] o.h.e.t.j.p.i.JtaPlatformInitiator       : HHH000490: Using JtaPlatform implementation: [org.hibernate.engine.transaction.jta.platform.internal.NoJtaPlatform]
2023-05-27 22:18:14.918  INFO 9255 --- [    Test worker] j.LocalContainerEntityManagerFactoryBean : Initialized JPA EntityManagerFactory for persistence unit 'default'
2023-05-27 22:18:15.772  INFO 9255 --- [    Test worker] c.e.p.external.fcm.FCMInitializer        : Firebase application has been initialized
2023-05-27 22:18:16.331  WARN 9255 --- [    Test worker] JpaBaseConfiguration$JpaWebConfiguration : spring.jpa.open-in-view is enabled by default. Therefore, database queries may be performed during view rendering. Explicitly configure spring.jpa.open-in-view to disable this warning
2023-05-27 22:18:19.811  INFO 9255 --- [    Test worker] c.e.p.PwaTestBackendApplicationTests     : Started PwaTestBackendApplicationTests in 9.513 seconds (JVM running for 11.332)
]]></system-out>
  <system-err><![CDATA[]]></system-err>
</testsuite>
